[debug] [2022-06-09T17:50:31.524Z] ----------------------------------------------------------------------
[debug] [2022-06-09T17:50:31.529Z] Command:       C:\Program Files\nodejs\node.exe C:\Users\DELL\AppData\Roaming\npm\node_modules\firebase-tools\lib\bin\firebase.js init
[debug] [2022-06-09T17:50:31.530Z] CLI Version:   10.6.0
[debug] [2022-06-09T17:50:31.530Z] Platform:      win32
[debug] [2022-06-09T17:50:31.530Z] Node Version:  v16.13.2
[debug] [2022-06-09T17:50:31.532Z] Time:          Thu Jun 09 2022 23:50:31 GMT+0600 (Bangladesh Standard Time)
[debug] [2022-06-09T17:50:31.533Z] ----------------------------------------------------------------------
[debug] 
[debug] [2022-06-09T17:50:31.538Z] >>> [apiv2][query] GET https://firebase-public.firebaseio.com/cli.json [none]
[debug] [2022-06-09T17:50:31.584Z] > command requires scopes: ["email","openid","https://www.googleapis.com/auth/cloudplatformprojects.readonly","https://www.googleapis.com/auth/firebase","https://www.googleapis.com/auth/cloud-platform"]
[debug] [2022-06-09T17:50:31.585Z] > authorizing via signed-in user (iamjim136@gmail.com)
[info] 
     ######## #### ########  ######## ########     ###     ######  ########
     ##        ##  ##     ## ##       ##     ##  ##   ##  ##       ##
     ######    ##  ########  ######   ########  #########  ######  ######
     ##        ##  ##    ##  ##       ##     ## ##     ##       ## ##
     ##       #### ##     ## ######## ########  ##     ##  ######  ########

You're about to initialize a Firebase project in this directory:

  D:\Web Developement\mahiuddin-habib-portfolio

[debug] [2022-06-09T17:50:33.313Z] <<< [apiv2][status] GET https://firebase-public.firebaseio.com/cli.json 200
[debug] [2022-06-09T17:50:33.314Z] <<< [apiv2][body] GET https://firebase-public.firebaseio.com/cli.json {"cloudBuildErrorAfter":1594252800000,"cloudBuildWarnAfter":1590019200000,"defaultNode10After":1594252800000,"minVersion":"3.0.5","node8DeploysDisabledAfter":1613390400000,"node8RuntimeDisabledAfter":1615809600000,"node8WarnAfter":1600128000000}
